{"/home/natalia/Desktop/Bootcamp/week-3/todo-list-project/week3-NIM-todo-list/skeleton/test.js":{"path":"/home/natalia/Desktop/Bootcamp/week-3/todo-list-project/week3-NIM-todo-list/skeleton/test.js","s":{"1":1,"2":1,"3":1,"4":1,"5":1,"6":1,"7":1,"8":1,"9":1,"10":1,"11":1,"12":1,"13":1,"14":1,"15":1,"16":1,"17":1,"18":1,"19":1,"20":1,"21":1,"22":1,"23":1,"24":1,"25":1,"26":1,"27":1,"28":1,"29":1,"30":1,"31":1,"32":1,"33":1,"34":1,"35":1,"36":1,"37":1,"38":1,"39":1,"40":1,"41":1,"42":1,"43":1,"44":1,"45":1,"46":1,"47":1,"48":1},"b":{},"f":{"1":1,"2":1,"3":1,"4":1,"5":1,"6":1,"7":1,"8":1},"fnMap":{"1":{"name":"sortfunction","line":4,"loc":{"start":{"line":4,"column":0},"end":{"line":4,"column":26}}},"2":{"name":"(anonymous_2)","line":7,"loc":{"start":{"line":7,"column":21},"end":{"line":7,"column":33}}},"3":{"name":"(anonymous_3)","line":36,"loc":{"start":{"line":36,"column":24},"end":{"line":36,"column":36}}},"4":{"name":"(anonymous_4)","line":61,"loc":{"start":{"line":61,"column":37},"end":{"line":61,"column":49}}},"5":{"name":"(anonymous_5)","line":83,"loc":{"start":{"line":83,"column":50},"end":{"line":83,"column":62}}},"6":{"name":"(anonymous_6)","line":97,"loc":{"start":{"line":97,"column":34},"end":{"line":97,"column":46}}},"7":{"name":"(anonymous_7)","line":112,"loc":{"start":{"line":112,"column":25},"end":{"line":112,"column":37}}},"8":{"name":"(anonymous_8)","line":136,"loc":{"start":{"line":136,"column":32},"end":{"line":136,"column":44}}}},"statementMap":{"1":{"start":{"line":1,"column":0},"end":{"line":1,"column":27}},"2":{"start":{"line":2,"column":0},"end":{"line":2,"column":41}},"3":{"start":{"line":4,"column":0},"end":{"line":6,"column":1}},"4":{"start":{"line":5,"column":0},"end":{"line":5,"column":21}},"5":{"start":{"line":7,"column":0},"end":{"line":10,"column":3}},"6":{"start":{"line":8,"column":2},"end":{"line":8,"column":11}},"7":{"start":{"line":9,"column":2},"end":{"line":9,"column":10}},"8":{"start":{"line":11,"column":0},"end":{"line":11,"column":37}},"9":{"start":{"line":12,"column":0},"end":{"line":12,"column":37}},"10":{"start":{"line":13,"column":0},"end":{"line":13,"column":37}},"11":{"start":{"line":14,"column":0},"end":{"line":14,"column":37}},"12":{"start":{"line":15,"column":0},"end":{"line":15,"column":37}},"13":{"start":{"line":16,"column":0},"end":{"line":16,"column":37}},"14":{"start":{"line":18,"column":0},"end":{"line":25,"column":2}},"15":{"start":{"line":27,"column":0},"end":{"line":34,"column":2}},"16":{"start":{"line":36,"column":0},"end":{"line":58,"column":3}},"17":{"start":{"line":38,"column":4},"end":{"line":38,"column":61}},"18":{"start":{"line":39,"column":2},"end":{"line":47,"column":4}},"19":{"start":{"line":48,"column":2},"end":{"line":48,"column":72}},"20":{"start":{"line":49,"column":2},"end":{"line":56,"column":43}},"21":{"start":{"line":57,"column":2},"end":{"line":57,"column":10}},"22":{"start":{"line":61,"column":0},"end":{"line":81,"column":3}},"23":{"start":{"line":62,"column":4},"end":{"line":62,"column":49}},"24":{"start":{"line":63,"column":4},"end":{"line":70,"column":6}},"25":{"start":{"line":71,"column":4},"end":{"line":71,"column":79}},"26":{"start":{"line":72,"column":4},"end":{"line":79,"column":45}},"27":{"start":{"line":80,"column":4},"end":{"line":80,"column":12}},"28":{"start":{"line":83,"column":0},"end":{"line":95,"column":3}},"29":{"start":{"line":84,"column":4},"end":{"line":84,"column":50}},"30":{"start":{"line":85,"column":4},"end":{"line":92,"column":6}},"31":{"start":{"line":93,"column":4},"end":{"line":93,"column":82}},"32":{"start":{"line":94,"column":4},"end":{"line":94,"column":12}},"33":{"start":{"line":97,"column":0},"end":{"line":109,"column":3}},"34":{"start":{"line":98,"column":4},"end":{"line":98,"column":50}},"35":{"start":{"line":99,"column":4},"end":{"line":106,"column":6}},"36":{"start":{"line":107,"column":4},"end":{"line":107,"column":81}},"37":{"start":{"line":108,"column":4},"end":{"line":108,"column":12}},"38":{"start":{"line":112,"column":0},"end":{"line":133,"column":3}},"39":{"start":{"line":114,"column":2},"end":{"line":114,"column":58}},"40":{"start":{"line":115,"column":0},"end":{"line":122,"column":2}},"41":{"start":{"line":123,"column":0},"end":{"line":123,"column":63}},"42":{"start":{"line":124,"column":0},"end":{"line":131,"column":41}},"43":{"start":{"line":132,"column":0},"end":{"line":132,"column":8}},"44":{"start":{"line":136,"column":0},"end":{"line":150,"column":5}},"45":{"start":{"line":138,"column":2},"end":{"line":138,"column":49}},"46":{"start":{"line":139,"column":2},"end":{"line":145,"column":4}},"47":{"start":{"line":147,"column":2},"end":{"line":147,"column":77}},"48":{"start":{"line":149,"column":2},"end":{"line":149,"column":10}}},"branchMap":{}},"/home/natalia/Desktop/Bootcamp/week-3/todo-list-project/week3-NIM-todo-list/skeleton/logic.js":{"path":"/home/natalia/Desktop/Bootcamp/week-3/todo-list-project/week3-NIM-todo-list/skeleton/logic.js","s":{"1":1,"2":1,"3":1,"4":1,"5":7,"6":1,"7":6,"8":36,"9":1,"10":1,"11":1,"12":1,"13":1,"14":6,"15":1,"16":3,"17":3,"18":18,"19":3,"20":2,"21":1,"22":3,"23":1,"24":1,"25":1,"26":1,"27":1},"b":{"1":[3,15],"2":[2,1],"3":[1,0]},"f":{"1":1,"2":7,"3":6,"4":36,"5":1,"6":1,"7":3,"8":1},"fnMap":{"1":{"name":"(anonymous_1)","line":14,"loc":{"start":{"line":14,"column":15},"end":{"line":14,"column":26}}},"2":{"name":"incrementCounter","line":17,"loc":{"start":{"line":17,"column":4},"end":{"line":17,"column":32}}},"3":{"name":"(anonymous_3)","line":25,"loc":{"start":{"line":25,"column":23},"end":{"line":25,"column":39}}},"4":{"name":"(anonymous_4)","line":26,"loc":{"start":{"line":26,"column":21},"end":{"line":26,"column":35}}},"5":{"name":"(anonymous_5)","line":31,"loc":{"start":{"line":31,"column":11},"end":{"line":31,"column":36}}},"6":{"name":"(anonymous_6)","line":40,"loc":{"start":{"line":40,"column":14},"end":{"line":40,"column":42}}},"7":{"name":"(anonymous_7)","line":45,"loc":{"start":{"line":45,"column":12},"end":{"line":45,"column":38}}},"8":{"name":"(anonymous_8)","line":57,"loc":{"start":{"line":57,"column":13},"end":{"line":57,"column":43}}}},"statementMap":{"1":{"start":{"line":5,"column":0},"end":{"line":9,"column":2}},"2":{"start":{"line":11,"column":0},"end":{"line":62,"column":2}},"3":{"start":{"line":15,"column":4},"end":{"line":15,"column":22}},"4":{"start":{"line":17,"column":4},"end":{"line":19,"column":5}},"5":{"start":{"line":18,"column":6},"end":{"line":18,"column":30}},"6":{"start":{"line":20,"column":4},"end":{"line":20,"column":28}},"7":{"start":{"line":26,"column":4},"end":{"line":28,"column":7}},"8":{"start":{"line":27,"column":6},"end":{"line":27,"column":46}},"9":{"start":{"line":32,"column":4},"end":{"line":32,"column":51}},"10":{"start":{"line":33,"column":4},"end":{"line":33,"column":68}},"11":{"start":{"line":34,"column":4},"end":{"line":34,"column":36}},"12":{"start":{"line":41,"column":4},"end":{"line":41,"column":51}},"13":{"start":{"line":42,"column":4},"end":{"line":42,"column":62}},"14":{"start":{"line":42,"column":39},"end":{"line":42,"column":60}},"15":{"start":{"line":43,"column":4},"end":{"line":43,"column":20}},"16":{"start":{"line":46,"column":4},"end":{"line":46,"column":51}},"17":{"start":{"line":47,"column":4},"end":{"line":51,"column":10}},"18":{"start":{"line":48,"column":8},"end":{"line":51,"column":7}},"19":{"start":{"line":49,"column":8},"end":{"line":50,"column":48}},"20":{"start":{"line":50,"column":8},"end":{"line":50,"column":24}},"21":{"start":{"line":50,"column":31},"end":{"line":50,"column":47}},"22":{"start":{"line":54,"column":4},"end":{"line":54,"column":20}},"23":{"start":{"line":58,"column":4},"end":{"line":58,"column":51}},"24":{"start":{"line":59,"column":5},"end":{"line":59,"column":28}},"25":{"start":{"line":60,"column":4},"end":{"line":60,"column":20}},"26":{"start":{"line":69,"column":0},"end":{"line":72,"column":1}},"27":{"start":{"line":70,"column":2},"end":{"line":70,"column":33}}},"branchMap":{"1":{"line":48,"type":"if","locations":[{"start":{"line":48,"column":8},"end":{"line":48,"column":8}},{"start":{"line":48,"column":8},"end":{"line":48,"column":8}}]},"2":{"line":49,"type":"if","locations":[{"start":{"line":49,"column":8},"end":{"line":49,"column":8}},{"start":{"line":49,"column":8},"end":{"line":49,"column":8}}]},"3":{"line":69,"type":"if","locations":[{"start":{"line":69,"column":0},"end":{"line":69,"column":0}},{"start":{"line":69,"column":0},"end":{"line":69,"column":0}}]}}}}