TN:
SF:/home/natalia/Desktop/Bootcamp/week-3/todo-list-project/week3-NIM-todo-list/skeleton/test.js
FN:4,sortfunction
FN:7,(anonymous_2)
FN:36,(anonymous_3)
FN:61,(anonymous_4)
FN:83,(anonymous_5)
FN:97,(anonymous_6)
FN:112,(anonymous_7)
FN:136,(anonymous_8)
FNF:8
FNH:8
FNDA:1,sortfunction
FNDA:1,(anonymous_2)
FNDA:1,(anonymous_3)
FNDA:1,(anonymous_4)
FNDA:1,(anonymous_5)
FNDA:1,(anonymous_6)
FNDA:1,(anonymous_7)
FNDA:1,(anonymous_8)
DA:1,1
DA:2,1
DA:4,1
DA:5,1
DA:7,1
DA:8,1
DA:9,1
DA:11,1
DA:12,1
DA:13,1
DA:14,1
DA:15,1
DA:16,1
DA:18,1
DA:27,1
DA:36,1
DA:38,1
DA:39,1
DA:48,1
DA:49,1
DA:57,1
DA:61,1
DA:62,1
DA:63,1
DA:71,1
DA:72,1
DA:80,1
DA:83,1
DA:84,1
DA:85,1
DA:93,1
DA:94,1
DA:97,1
DA:98,1
DA:99,1
DA:107,1
DA:108,1
DA:112,1
DA:114,1
DA:115,1
DA:123,1
DA:124,1
DA:132,1
DA:136,1
DA:138,1
DA:139,1
DA:147,1
DA:149,1
LF:48
LH:48
BRF:0
BRH:0
end_of_record
TN:
SF:/home/natalia/Desktop/Bootcamp/week-3/todo-list-project/week3-NIM-todo-list/skeleton/logic.js
FN:14,(anonymous_1)
FN:17,incrementCounter
FN:25,(anonymous_3)
FN:26,(anonymous_4)
FN:31,(anonymous_5)
FN:40,(anonymous_6)
FN:45,(anonymous_7)
FN:57,(anonymous_8)
FNF:8
FNH:8
FNDA:1,(anonymous_1)
FNDA:7,incrementCounter
FNDA:6,(anonymous_3)
FNDA:36,(anonymous_4)
FNDA:1,(anonymous_5)
FNDA:1,(anonymous_6)
FNDA:3,(anonymous_7)
FNDA:1,(anonymous_8)
DA:5,1
DA:11,1
DA:15,1
DA:17,1
DA:18,7
DA:20,1
DA:26,6
DA:27,36
DA:32,1
DA:33,1
DA:34,1
DA:41,1
DA:42,6
DA:43,1
DA:46,3
DA:47,3
DA:48,18
DA:49,3
DA:50,2
DA:54,3
DA:58,1
DA:59,1
DA:60,1
DA:69,1
DA:70,1
LF:25
LH:25
BRDA:48,1,0,3
BRDA:48,1,1,15
BRDA:49,2,0,2
BRDA:49,2,1,1
BRDA:69,3,0,1
BRDA:69,3,1,0
BRF:6
BRH:5
end_of_record
